2023-12-18 19:31:44.535  INFO 25784 --- [main] com.ipbd.ipbdsms.IpbdSmsApplication      : Starting IpbdSmsApplication using Java 1.8.0_362 on LAPTOP-9DMTHJ0M with PID 25784 (C:\Users\lipengxun\IdeaProjects\ipbd-sms\target\classes started by 李朋逊 in C:\Users\lipengxun\IdeaProjects\ipbd-sms)
2023-12-18 19:31:44.545  INFO 25784 --- [main] com.ipbd.ipbdsms.IpbdSmsApplication      : No active profile set, falling back to 1 default profile: "default"
2023-12-18 19:31:45.967  INFO 25784 --- [main] o.s.b.w.embedded.tomcat.TomcatWebServer  : Tomcat initialized with port(s): 8081 (http)
2023-12-18 19:31:45.976  INFO 25784 --- [main] o.apache.catalina.core.StandardService   : Starting service [Tomcat]
2023-12-18 19:31:45.976  INFO 25784 --- [main] org.apache.catalina.core.StandardEngine  : Starting Servlet engine: [Apache Tomcat/9.0.82]
2023-12-18 19:31:46.185  INFO 25784 --- [main] o.a.c.c.C.[Tomcat].[localhost].[/]       : Initializing Spring embedded WebApplicationContext
2023-12-18 19:31:46.185  INFO 25784 --- [main] w.s.c.ServletWebServerApplicationContext : Root WebApplicationContext: initialization completed in 1569 ms
2023-12-18 19:31:46.292  INFO 25784 --- [main] c.a.d.s.b.a.DruidDataSourceAutoConfigure : Init DruidDataSource
2023-12-18 19:31:46.405  INFO 25784 --- [main] com.alibaba.druid.pool.DruidDataSource   : {dataSource-1} inited
2023-12-18 19:31:49.151  INFO 25784 --- [main] com.ipbd.ipbdsms.config.WebMvcConfig     : 扩展消息转换器
2023-12-18 19:31:49.156  INFO 25784 --- [main] com.ipbd.ipbdsms.config.WebMvcConfig     : 开始进行静态资源映射. . .
2023-12-18 19:31:49.157  INFO 25784 --- [main] com.ipbd.ipbdsms.config.WebMvcConfig     : 运行成功...
2023-12-18 19:31:49.524  INFO 25784 --- [main] o.s.b.w.embedded.tomcat.TomcatWebServer  : Tomcat started on port(s): 8081 (http) with context path ''
2023-12-18 19:31:49.536  INFO 25784 --- [main] com.ipbd.ipbdsms.IpbdSmsApplication      : Started IpbdSmsApplication in 5.466 seconds (JVM running for 8.135)
2023-12-18 19:31:49.850  INFO 25784 --- [http-nio-8081-exec-2] o.a.c.c.C.[Tomcat].[localhost].[/]       : Initializing Spring DispatcherServlet 'dispatcherServlet'
2023-12-18 19:31:49.850  INFO 25784 --- [http-nio-8081-exec-2] o.s.web.servlet.DispatcherServlet        : Initializing Servlet 'dispatcherServlet'
2023-12-18 19:31:49.851  INFO 25784 --- [http-nio-8081-exec-2] o.s.web.servlet.DispatcherServlet        : Completed initialization in 1 ms
2023-12-18 19:31:50.191  INFO 25784 --- [http-nio-8081-exec-9] c.ipbd.ipbdsms.controller.StuController  : page = 1,pageSize = 10 , name = null
2023-12-18 19:31:58.685  WARN 25784 --- [http-nio-8081-exec-10] o.s.web.servlet.PageNotFound             : No mapping for GET /favicon.ico
2023-12-18 19:32:31.132  WARN 25784 --- [http-nio-8081-exec-4] o.s.web.servlet.PageNotFound             : No mapping for GET /ipbd-sms/backend/page/login/login.html
2023-12-18 19:34:01.766  INFO 25784 --- [http-nio-8081-exec-3] c.i.ipbdsms.controller.LoginController   : username:李朋逊
2023-12-18 19:34:01.810  INFO 25784 --- [http-nio-8081-exec-3] c.i.i.s.service.impl.TbLoginServiceImpl  : admin李朋逊登录
2023-12-18 19:34:01.966  INFO 25784 --- [http-nio-8081-exec-4] c.ipbd.ipbdsms.controller.StuController  : page = 1,pageSize = 10 , name = null
2023-12-18 19:38:47.296  INFO 25784 --- [SpringApplicationShutdownHook] com.alibaba.druid.pool.DruidDataSource   : {dataSource-1} closing ...
2023-12-18 19:38:47.302  INFO 25784 --- [SpringApplicationShutdownHook] com.alibaba.druid.pool.DruidDataSource   : {dataSource-1} closed
